[debug] [2024-07-24T13:58:34.077Z] ----------------------------------------------------------------------
[debug] [2024-07-24T13:58:34.081Z] Command:       C:\Program Files\nodejs\node.exe C:\Users\Haile\AppData\Roaming\npm\node_modules\firebase-tools\lib\bin\firebase.js emulators:start --only functions
[debug] [2024-07-24T13:58:34.082Z] CLI Version:   13.13.3
[debug] [2024-07-24T13:58:34.082Z] Platform:      win32
[debug] [2024-07-24T13:58:34.082Z] Node Version:  v20.14.0
[debug] [2024-07-24T13:58:34.082Z] Time:          Wed Jul 24 2024 06:58:34 GMT-0700 (Pacific Daylight Time)
[debug] [2024-07-24T13:58:34.082Z] ----------------------------------------------------------------------
[debug] 
[debug] [2024-07-24T13:58:34.648Z] > command requires scopes: ["email","openid","https://www.googleapis.com/auth/cloudplatformprojects.readonly","https://www.googleapis.com/auth/firebase","https://www.googleapis.com/auth/cloud-platform"]
[debug] [2024-07-24T13:58:34.649Z] > authorizing via signed-in user (mark.hmh06@gmail.com)
[info] i  emulators: Starting emulators: functions {"metadata":{"emulator":{"name":"hub"},"message":"Starting emulators: functions"}}
[debug] [2024-07-24T13:58:34.678Z] [logging] Logging Emulator only supports listening on one address (127.0.0.1). Not listening on ::1
[debug] [2024-07-24T13:58:34.679Z] assigned listening specs for emulators {"user":{"hub":[{"address":"127.0.0.1","family":"IPv4","port":4400},{"address":"::1","family":"IPv6","port":4400}],"ui":[{"address":"127.0.0.1","family":"IPv4","port":4000},{"address":"::1","family":"IPv6","port":4000}],"logging":[{"address":"127.0.0.1","family":"IPv4","port":4500}]},"metadata":{"message":"assigned listening specs for emulators"}}
[debug] [2024-07-24T13:58:34.689Z] [hub] writing locator at C:\Users\Haile\AppData\Local\Temp\hub-project-2-ddd77.json
[debug] [2024-07-24T13:58:34.736Z] [functions] Functions Emulator only supports listening on one address (127.0.0.1). Not listening on ::1
[debug] [2024-07-24T13:58:34.736Z] [eventarc] Eventarc Emulator only supports listening on one address (127.0.0.1). Not listening on ::1
[debug] [2024-07-24T13:58:34.736Z] late-assigned ports for functions and eventarc emulators {"user":{"hub":[{"address":"127.0.0.1","family":"IPv4","port":4400},{"address":"::1","family":"IPv6","port":4400}],"ui":[{"address":"127.0.0.1","family":"IPv4","port":4000},{"address":"::1","family":"IPv6","port":4000}],"logging":[{"address":"127.0.0.1","family":"IPv4","port":4500}],"functions":[{"address":"127.0.0.1","family":"IPv4","port":5001}],"eventarc":[{"address":"127.0.0.1","family":"IPv4","port":9299}]},"metadata":{"message":"late-assigned ports for functions and eventarc emulators"}}
[warn] !  functions: The following emulators are not running, calls to these services from the Functions emulator will affect production: auth, firestore, database, hosting, pubsub, storage, dataconnect {"metadata":{"emulator":{"name":"functions"},"message":"The following emulators are not running, calls to these services from the Functions emulator will affect production: \u001b[1mauth, firestore, database, hosting, pubsub, storage, dataconnect\u001b[22m"}}
[debug] [2024-07-24T13:58:34.749Z] defaultcredentials: writing to file C:\Users\Haile\AppData\Roaming\firebase\mark_hmh06_gmail.com_application_default_credentials.json
[debug] [2024-07-24T13:58:34.752Z] Setting GAC to C:\Users\Haile\AppData\Roaming\firebase\mark_hmh06_gmail.com_application_default_credentials.json {"metadata":{"emulator":{"name":"functions"},"message":"Setting GAC to C:\\Users\\Haile\\AppData\\Roaming\\firebase\\mark_hmh06_gmail.com_application_default_credentials.json"}}
[debug] [2024-07-24T13:58:34.753Z] > refreshing access token with scopes: []
[debug] [2024-07-24T13:58:34.755Z] >>> [apiv2][query] POST https://www.googleapis.com/oauth2/v3/token [none]
[debug] [2024-07-24T13:58:34.756Z] >>> [apiv2][body] POST https://www.googleapis.com/oauth2/v3/token [omitted]
[debug] [2024-07-24T13:58:35.484Z] <<< [apiv2][status] POST https://www.googleapis.com/oauth2/v3/token 200
[debug] [2024-07-24T13:58:35.484Z] <<< [apiv2][body] POST https://www.googleapis.com/oauth2/v3/token [omitted]
[debug] [2024-07-24T13:58:35.495Z] >>> [apiv2][query] GET https://firebase.googleapis.com/v1beta1/projects/project-2-ddd77/adminSdkConfig [none]
[debug] [2024-07-24T13:58:36.489Z] <<< [apiv2][status] GET https://firebase.googleapis.com/v1beta1/projects/project-2-ddd77/adminSdkConfig 200
[debug] [2024-07-24T13:58:36.490Z] <<< [apiv2][body] GET https://firebase.googleapis.com/v1beta1/projects/project-2-ddd77/adminSdkConfig {"projectId":"project-2-ddd77","storageBucket":"project-2-ddd77.appspot.com"}
[debug] [2024-07-24T13:58:36.568Z] Ignoring unsupported arg: auto_download {"metadata":{"emulator":{"name":"ui"},"message":"Ignoring unsupported arg: auto_download"}}
[debug] [2024-07-24T13:58:36.568Z] Ignoring unsupported arg: port {"metadata":{"emulator":{"name":"ui"},"message":"Ignoring unsupported arg: port"}}
[debug] [2024-07-24T13:58:36.569Z] Starting Emulator UI with command {"binary":"node","args":["C:\\Users\\Haile\\.cache\\firebase\\emulators\\ui-v1.12.1\\server\\server.mjs"],"optionalArgs":[],"joinArgs":false,"shell":false} {"metadata":{"emulator":{"name":"ui"},"message":"Starting Emulator UI with command {\"binary\":\"node\",\"args\":[\"C:\\\\Users\\\\Haile\\\\.cache\\\\firebase\\\\emulators\\\\ui-v1.12.1\\\\server\\\\server.mjs\"],\"optionalArgs\":[],\"joinArgs\":false,\"shell\":false}"}}
[info] i  ui: Emulator UI logging to ui-debug.log {"metadata":{"emulator":{"name":"ui"},"message":"Emulator UI logging to \u001b[1mui-debug.log\u001b[22m"}}
[debug] [2024-07-24T13:58:36.863Z] Web / API server started at 127.0.0.1:4000
 {"metadata":{"emulator":{"name":"ui"},"message":"Web / API server started at 127.0.0.1:4000\n"}}
[debug] [2024-07-24T13:58:36.863Z] Web / API server started at ::1:4000
 {"metadata":{"emulator":{"name":"ui"},"message":"Web / API server started at ::1:4000\n"}}
[info] i  functions: Watching "C:\Users\Haile\Desktop\amazon-clone-2024\functions" for Cloud Functions... {"metadata":{"emulator":{"name":"functions"},"message":"Watching \"C:\\Users\\Haile\\Desktop\\amazon-clone-2024\\functions\" for Cloud Functions..."}}
[debug] [2024-07-24T13:58:37.002Z] Validating nodejs source
[debug] [2024-07-24T13:58:42.239Z] > [functions] package.json contents: {
  "name": "functions",
  "description": "Cloud Functions for Firebase",
  "scripts": {
    "serve": "firebase emulators:start --only functions",
    "shell": "firebase functions:shell",
    "start": "npm run shell",
    "deploy": "firebase deploy --only functions",
    "logs": "firebase functions:log"
  },
  "engines": {
    "node": "18"
  },
  "main": "index.js",
  "dependencies": {
    "cors": "^2.8.5",
    "dotenv": "^16.4.5",
    "express": "^4.19.2",
    "firebase-admin": "^12.1.0",
    "firebase-functions": "^5.0.0",
    "stripe": "^16.2.0"
  },
  "devDependencies": {
    "firebase-functions-test": "^3.1.0"
  },
  "private": true
}
[debug] [2024-07-24T13:58:42.255Z] Building nodejs source
[debug] [2024-07-24T13:58:42.256Z] Failed to find version of module node: reached end of search path C:\Users\Haile\Desktop\amazon-clone-2024\functions\node_modules
[warn] !  functions: Your requested "node" version "18" doesn't match your global version "20". Using node@20 from host. 
[info] i  functions: Loaded environment variables from .env. 
[debug] [2024-07-24T13:58:42.264Z] Could not find functions.yaml. Must use http discovery
[debug] [2024-07-24T13:58:42.274Z] Found firebase-functions binary at 'C:\Users\Haile\Desktop\amazon-clone-2024\functions\node_modules\.bin\firebase-functions'
[info] Serving at port 8524

[error] !!  functions: Failed to load function definition from source: FirebaseError: User code failed to load. Cannot determine backend specification {"metadata":{"emulator":{"name":"functions"},"message":"Failed to load function definition from source: FirebaseError: User code failed to load. Cannot determine backend specification"}}
[info] 
┌─────────────────────────────────────────────────────────────┐
│ ✔  All emulators ready! It is now safe to connect your app. │
│ i  View Emulator UI at http://127.0.0.1:4000/               │
└─────────────────────────────────────────────────────────────┘

┌───────────┬────────────────┬─────────────────────────────────┐
│ Emulator  │ Host:Port      │ View in Emulator UI             │
├───────────┼────────────────┼─────────────────────────────────┤
│ Functions │ 127.0.0.1:5001 │ http://127.0.0.1:4000/functions │
└───────────┴────────────────┴─────────────────────────────────┘
  Emulator Hub running at 127.0.0.1:4400
  Other reserved ports: 4500

Issues? Report them at https://github.com/firebase/firebase-tools/issues and attach the *-debug.log files.
 
[debug] [2024-07-25T07:36:41.007Z] ----------------------------------------------------------------------
[debug] [2024-07-25T07:36:41.010Z] Command:       C:\Program Files\nodejs\node.exe C:\Users\alexm\AppData\Roaming\npm\node_modules\firebase-tools\lib\bin\firebase.js emulators:start --only functions
[debug] [2024-07-25T07:36:41.011Z] CLI Version:   13.13.3
[debug] [2024-07-25T07:36:41.011Z] Platform:      win32
[debug] [2024-07-25T07:36:41.011Z] Node Version:  v20.13.1
[debug] [2024-07-25T07:36:41.011Z] Time:          Thu Jul 25 2024 03:36:41 GMT-0400 (Eastern Daylight Time)
[debug] [2024-07-25T07:36:41.011Z] ----------------------------------------------------------------------
[debug] 
[debug] [2024-07-25T07:36:41.162Z] > command requires scopes: ["email","openid","https://www.googleapis.com/auth/cloudplatformprojects.readonly","https://www.googleapis.com/auth/firebase","https://www.googleapis.com/auth/cloud-platform"]
[debug] [2024-07-25T07:36:41.162Z] > authorizing via signed-in user (alemayehumetadel@gmail.com)
[info] i  emulators: Starting emulators: functions {"metadata":{"emulator":{"name":"hub"},"message":"Starting emulators: functions"}}
[debug] [2024-07-25T07:36:41.176Z] [logging] Logging Emulator only supports listening on one address (127.0.0.1). Not listening on ::1
[debug] [2024-07-25T07:36:41.176Z] assigned listening specs for emulators {"user":{"hub":[{"address":"127.0.0.1","family":"IPv4","port":4400},{"address":"::1","family":"IPv6","port":4400}],"ui":[{"address":"127.0.0.1","family":"IPv4","port":4000},{"address":"::1","family":"IPv6","port":4000}],"logging":[{"address":"127.0.0.1","family":"IPv4","port":4500}]},"metadata":{"message":"assigned listening specs for emulators"}}
[debug] [2024-07-25T07:36:41.186Z] [hub] writing locator at C:\Users\alexm\AppData\Local\Temp\hub-clone-84cbd.json
[debug] [2024-07-25T07:36:41.215Z] [functions] Functions Emulator only supports listening on one address (127.0.0.1). Not listening on ::1
[debug] [2024-07-25T07:36:41.217Z] [eventarc] Eventarc Emulator only supports listening on one address (127.0.0.1). Not listening on ::1
[debug] [2024-07-25T07:36:41.218Z] late-assigned ports for functions and eventarc emulators {"user":{"hub":[{"address":"127.0.0.1","family":"IPv4","port":4400},{"address":"::1","family":"IPv6","port":4400}],"ui":[{"address":"127.0.0.1","family":"IPv4","port":4000},{"address":"::1","family":"IPv6","port":4000}],"logging":[{"address":"127.0.0.1","family":"IPv4","port":4500}],"functions":[{"address":"127.0.0.1","family":"IPv4","port":5001}],"eventarc":[{"address":"127.0.0.1","family":"IPv4","port":9299}]},"metadata":{"message":"late-assigned ports for functions and eventarc emulators"}}
[warn] !  functions: The following emulators are not running, calls to these services from the Functions emulator will affect production: auth, firestore, database, hosting, pubsub, storage, dataconnect {"metadata":{"emulator":{"name":"functions"},"message":"The following emulators are not running, calls to these services from the Functions emulator will affect production: \u001b[1mauth, firestore, database, hosting, pubsub, storage, dataconnect\u001b[22m"}}
[debug] [2024-07-25T07:36:41.223Z] defaultcredentials: writing to file C:\Users\alexm\AppData\Roaming\firebase\alemayehumetadel_gmail_com_application_default_credentials.json
[debug] [2024-07-25T07:36:41.233Z] Setting GAC to C:\Users\alexm\AppData\Roaming\firebase\alemayehumetadel_gmail_com_application_default_credentials.json {"metadata":{"emulator":{"name":"functions"},"message":"Setting GAC to C:\\Users\\alexm\\AppData\\Roaming\\firebase\\alemayehumetadel_gmail_com_application_default_credentials.json"}}
[debug] [2024-07-25T07:36:41.238Z] > refreshing access token with scopes: []
[debug] [2024-07-25T07:36:41.243Z] >>> [apiv2][query] POST https://www.googleapis.com/oauth2/v3/token [none]
[debug] [2024-07-25T07:36:41.243Z] >>> [apiv2][body] POST https://www.googleapis.com/oauth2/v3/token [omitted]
[debug] [2024-07-25T07:36:41.386Z] <<< [apiv2][status] POST https://www.googleapis.com/oauth2/v3/token 200
[debug] [2024-07-25T07:36:41.386Z] <<< [apiv2][body] POST https://www.googleapis.com/oauth2/v3/token [omitted]
[debug] [2024-07-25T07:36:41.411Z] >>> [apiv2][query] GET https://firebase.googleapis.com/v1beta1/projects/clone-84cbd/adminSdkConfig [none]
[debug] [2024-07-25T07:36:41.740Z] <<< [apiv2][status] GET https://firebase.googleapis.com/v1beta1/projects/clone-84cbd/adminSdkConfig 200
[debug] [2024-07-25T07:36:41.741Z] <<< [apiv2][body] GET https://firebase.googleapis.com/v1beta1/projects/clone-84cbd/adminSdkConfig {"projectId":"clone-84cbd","storageBucket":"clone-84cbd.appspot.com"}
[debug] [2024-07-25T07:36:41.772Z] Ignoring unsupported arg: auto_download {"metadata":{"emulator":{"name":"ui"},"message":"Ignoring unsupported arg: auto_download"}}
[debug] [2024-07-25T07:36:41.772Z] Ignoring unsupported arg: port {"metadata":{"emulator":{"name":"ui"},"message":"Ignoring unsupported arg: port"}}
[debug] [2024-07-25T07:36:41.773Z] Starting Emulator UI with command {"binary":"node","args":["C:\\Users\\alexm\\.cache\\firebase\\emulators\\ui-v1.12.1\\server\\server.mjs"],"optionalArgs":[],"joinArgs":false,"shell":false} {"metadata":{"emulator":{"name":"ui"},"message":"Starting Emulator UI with command {\"binary\":\"node\",\"args\":[\"C:\\\\Users\\\\alexm\\\\.cache\\\\firebase\\\\emulators\\\\ui-v1.12.1\\\\server\\\\server.mjs\"],\"optionalArgs\":[],\"joinArgs\":false,\"shell\":false}"}}
[info] i  ui: Emulator UI logging to ui-debug.log {"metadata":{"emulator":{"name":"ui"},"message":"Emulator UI logging to \u001b[1mui-debug.log\u001b[22m"}}
[debug] [2024-07-25T07:36:41.998Z] Web / API server started at 127.0.0.1:4000
 {"metadata":{"emulator":{"name":"ui"},"message":"Web / API server started at 127.0.0.1:4000\n"}}
[debug] [2024-07-25T07:36:42.001Z] Web / API server started at ::1:4000
 {"metadata":{"emulator":{"name":"ui"},"message":"Web / API server started at ::1:4000\n"}}
[info] i  functions: Watching "C:\Users\alexm\Desktop\EVANGADI Jan 2024\Phase 4\Amazon\Amazon-clone-2024\amazon-clone\functions" for Cloud Functions... {"metadata":{"emulator":{"name":"functions"},"message":"Watching \"C:\\Users\\alexm\\Desktop\\EVANGADI Jan 2024\\Phase 4\\Amazon\\Amazon-clone-2024\\amazon-clone\\functions\" for Cloud Functions..."}}
[debug] [2024-07-25T07:36:42.013Z] Validating nodejs source
[debug] [2024-07-25T07:36:43.615Z] > [functions] package.json contents: {
  "name": "functions",
  "description": "Cloud Functions for Firebase",
  "scripts": {
    "serve": "firebase emulators:start --only functions",
    "shell": "firebase functions:shell",
    "start": "npm run shell",
    "deploy": "firebase deploy --only functions",
    "logs": "firebase functions:log"
  },
  "engines": {
    "node": "18"
  },
  "main": "index.js",
  "dependencies": {
    "cors": "^2.8.5",
    "dotenv": "^16.4.5",
    "express": "^4.19.2",
    "firebase-admin": "^12.1.0",
    "firebase-functions": "^5.0.0",
    "stripe": "^16.2.0"
  },
  "devDependencies": {
    "firebase-functions-test": "^3.1.0"
  },
  "private": true
}
[debug] [2024-07-25T07:36:43.616Z] Building nodejs source
[debug] [2024-07-25T07:36:43.617Z] Failed to find version of module node: reached end of search path C:\Users\alexm\Desktop\EVANGADI Jan 2024\Phase 4\Amazon\Amazon-clone-2024\amazon-clone\functions\node_modules
[warn] !  functions: Your requested "node" version "18" doesn't match your global version "20". Using node@20 from host. 
[info] i  functions: Loaded environment variables from .env. 
[debug] [2024-07-25T07:36:43.623Z] Could not find functions.yaml. Must use http discovery
[debug] [2024-07-25T07:36:43.634Z] Found firebase-functions binary at 'C:\Users\alexm\Desktop\EVANGADI Jan 2024\Phase 4\Amazon\Amazon-clone-2024\amazon-clone\functions\node_modules\.bin\firebase-functions'
[info] Serving at port 8075

[debug] [2024-07-25T07:36:44.800Z] Got response from /__/functions.yaml {"endpoints":{"api":{"availableMemoryMb":null,"timeoutSeconds":null,"minInstances":null,"maxInstances":null,"ingressSettings":null,"concurrency":null,"serviceAccountEmail":null,"vpc":null,"platform":"gcfv2","labels":{},"httpsTrigger":{},"entryPoint":"api"}},"specVersion":"v1alpha1","requiredAPIs":[]}
[info] +  functions: Loaded functions definitions from source: api. {"metadata":{"emulator":{"name":"functions"},"message":"Loaded functions definitions from source: api."}}
[info] +  functions[us-central1-api]: http function initialized (http://127.0.0.1:5001/clone-84cbd/us-central1/api). {"metadata":{"emulator":{"name":"functions"},"message":"\u001b[1mhttp\u001b[22m function initialized (http://127.0.0.1:5001/clone-84cbd/us-central1/api)."}}
[info] 
┌─────────────────────────────────────────────────────────────┐
│ ✔  All emulators ready! It is now safe to connect your app. │
│ i  View Emulator UI at http://127.0.0.1:4000/               │
└─────────────────────────────────────────────────────────────┘

┌───────────┬────────────────┬─────────────────────────────────┐
│ Emulator  │ Host:Port      │ View in Emulator UI             │
├───────────┼────────────────┼─────────────────────────────────┤
│ Functions │ 127.0.0.1:5001 │ http://127.0.0.1:4000/functions │
└───────────┴────────────────┴─────────────────────────────────┘
  Emulator Hub running at 127.0.0.1:4400
  Other reserved ports: 4500

Issues? Report them at https://github.com/firebase/firebase-tools/issues and attach the *-debug.log files.
 
[debug] [2024-07-25T07:38:24.513Z] [work-queue] {"queuedWork":["/clone-84cbd/us-central1/api/payment/create-2024-07-25T07:38:24.513Z"],"queueLength":1,"runningWork":[],"workRunningCount":0}
[debug] [2024-07-25T07:38:24.514Z] [work-queue] {"queuedWork":[],"queueLength":0,"runningWork":["/clone-84cbd/us-central1/api/payment/create-2024-07-25T07:38:24.513Z"],"workRunningCount":1}
[debug] [2024-07-25T07:38:24.514Z] Accepted request POST /clone-84cbd/us-central1/api/payment/create?total=9428 --> us-central1-api
[debug] [2024-07-25T07:38:24.521Z] [functions] Runtime ready! Sending request! {"metadata":{"emulator":{"name":"functions"},"message":"[functions] Runtime ready! Sending request!"}}
[debug] [2024-07-25T07:38:24.522Z] [functions] Got req.url=/clone-84cbd/us-central1/api/payment/create?total=9428, mapping to path=/payment/create?total=9428 {"metadata":{"emulator":{"name":"functions"},"message":"[functions] Got req.url=/clone-84cbd/us-central1/api/payment/create?total=9428, mapping to path=/payment/create?total=9428"}}
[info] i  functions: Loaded environment variables from .env. 
[debug] [2024-07-25T07:38:24.553Z] [worker-pool] addWorker(us-central1-api) {"metadata":{"emulator":{"name":"functions"},"message":"[worker-pool] addWorker(us-central1-api)"}}
[debug] [2024-07-25T07:38:24.554Z] [worker-pool] Adding worker with key us-central1-api, total=1 {"metadata":{"emulator":{"name":"functions"},"message":"[worker-pool] Adding worker with key us-central1-api, total=1"}}
[debug] [2024-07-25T07:38:27.317Z] [runtime-status] [13332] Resolved module firebase-admin {"declared":true,"installed":true,"version":"12.2.0","resolution":"C:\\Users\\alexm\\Desktop\\EVANGADI Jan 2024\\Phase 4\\Amazon\\Amazon-clone-2024\\amazon-clone\\functions\\node_modules\\firebase-admin\\lib\\index.js"} {"metadata":{"emulator":{"name":"functions"},"function":{"name":"us-central1-api"},"extension":{},"message":"[runtime-status] [13332] Resolved module firebase-admin {\"declared\":true,\"installed\":true,\"version\":\"12.2.0\",\"resolution\":\"C:\\\\Users\\\\alexm\\\\Desktop\\\\EVANGADI Jan 2024\\\\Phase 4\\\\Amazon\\\\Amazon-clone-2024\\\\amazon-clone\\\\functions\\\\node_modules\\\\firebase-admin\\\\lib\\\\index.js\"}"}}
[debug] [2024-07-25T07:38:27.320Z] [runtime-status] [13332] Resolved module firebase-functions {"declared":true,"installed":true,"version":"5.0.1","resolution":"C:\\Users\\alexm\\Desktop\\EVANGADI Jan 2024\\Phase 4\\Amazon\\Amazon-clone-2024\\amazon-clone\\functions\\node_modules\\firebase-functions\\lib\\v1\\index.js"} {"metadata":{"emulator":{"name":"functions"},"function":{"name":"us-central1-api"},"extension":{},"message":"[runtime-status] [13332] Resolved module firebase-functions {\"declared\":true,\"installed\":true,\"version\":\"5.0.1\",\"resolution\":\"C:\\\\Users\\\\alexm\\\\Desktop\\\\EVANGADI Jan 2024\\\\Phase 4\\\\Amazon\\\\Amazon-clone-2024\\\\amazon-clone\\\\functions\\\\node_modules\\\\firebase-functions\\\\lib\\\\v1\\\\index.js\"}"}}
[debug] [2024-07-25T07:38:27.320Z] [runtime-status] [13332] Outgoing network have been stubbed. [{"name":"http","status":"mocked"},{"name":"http","status":"mocked"},{"name":"https","status":"mocked"},{"name":"https","status":"mocked"},{"name":"net","status":"mocked"}] {"metadata":{"emulator":{"name":"functions"},"function":{"name":"us-central1-api"},"extension":{},"message":"[runtime-status] [13332] Outgoing network have been stubbed. [{\"name\":\"http\",\"status\":\"mocked\"},{\"name\":\"http\",\"status\":\"mocked\"},{\"name\":\"https\",\"status\":\"mocked\"},{\"name\":\"https\",\"status\":\"mocked\"},{\"name\":\"net\",\"status\":\"mocked\"}]"}}
[debug] [2024-07-25T07:38:27.321Z] [runtime-status] [13332] Resolved module firebase-functions {"declared":true,"installed":true,"version":"5.0.1","resolution":"C:\\Users\\alexm\\Desktop\\EVANGADI Jan 2024\\Phase 4\\Amazon\\Amazon-clone-2024\\amazon-clone\\functions\\node_modules\\firebase-functions\\lib\\v1\\index.js"} {"metadata":{"emulator":{"name":"functions"},"function":{"name":"us-central1-api"},"extension":{},"message":"[runtime-status] [13332] Resolved module firebase-functions {\"declared\":true,\"installed\":true,\"version\":\"5.0.1\",\"resolution\":\"C:\\\\Users\\\\alexm\\\\Desktop\\\\EVANGADI Jan 2024\\\\Phase 4\\\\Amazon\\\\Amazon-clone-2024\\\\amazon-clone\\\\functions\\\\node_modules\\\\firebase-functions\\\\lib\\\\v1\\\\index.js\"}"}}
[debug] [2024-07-25T07:38:27.857Z] [runtime-status] [13332] Checked functions.config() {"config":{}} {"metadata":{"emulator":{"name":"functions"},"function":{"name":"us-central1-api"},"extension":{},"message":"[runtime-status] [13332] Checked functions.config() {\"config\":{}}"}}
[debug] [2024-07-25T07:38:27.858Z] [runtime-status] [13332] firebase-functions has been stubbed. {"functionsResolution":{"declared":true,"installed":true,"version":"5.0.1","resolution":"C:\\Users\\alexm\\Desktop\\EVANGADI Jan 2024\\Phase 4\\Amazon\\Amazon-clone-2024\\amazon-clone\\functions\\node_modules\\firebase-functions\\lib\\v1\\index.js"}} {"metadata":{"emulator":{"name":"functions"},"function":{"name":"us-central1-api"},"extension":{},"message":"[runtime-status] [13332] firebase-functions has been stubbed. {\"functionsResolution\":{\"declared\":true,\"installed\":true,\"version\":\"5.0.1\",\"resolution\":\"C:\\\\Users\\\\alexm\\\\Desktop\\\\EVANGADI Jan 2024\\\\Phase 4\\\\Amazon\\\\Amazon-clone-2024\\\\amazon-clone\\\\functions\\\\node_modules\\\\firebase-functions\\\\lib\\\\v1\\\\index.js\"}}"}}
[debug] [2024-07-25T07:38:27.859Z] [runtime-status] [13332] Resolved module firebase-functions {"declared":true,"installed":true,"version":"5.0.1","resolution":"C:\\Users\\alexm\\Desktop\\EVANGADI Jan 2024\\Phase 4\\Amazon\\Amazon-clone-2024\\amazon-clone\\functions\\node_modules\\firebase-functions\\lib\\v1\\index.js"} {"metadata":{"emulator":{"name":"functions"},"function":{"name":"us-central1-api"},"extension":{},"message":"[runtime-status] [13332] Resolved module firebase-functions {\"declared\":true,\"installed\":true,\"version\":\"5.0.1\",\"resolution\":\"C:\\\\Users\\\\alexm\\\\Desktop\\\\EVANGADI Jan 2024\\\\Phase 4\\\\Amazon\\\\Amazon-clone-2024\\\\amazon-clone\\\\functions\\\\node_modules\\\\firebase-functions\\\\lib\\\\v1\\\\index.js\"}"}}
[debug] [2024-07-25T07:38:27.861Z] [runtime-status] [13332] Resolved module firebase-admin {"declared":true,"installed":true,"version":"12.2.0","resolution":"C:\\Users\\alexm\\Desktop\\EVANGADI Jan 2024\\Phase 4\\Amazon\\Amazon-clone-2024\\amazon-clone\\functions\\node_modules\\firebase-admin\\lib\\index.js"} {"metadata":{"emulator":{"name":"functions"},"function":{"name":"us-central1-api"},"extension":{},"message":"[runtime-status] [13332] Resolved module firebase-admin {\"declared\":true,\"installed\":true,\"version\":\"12.2.0\",\"resolution\":\"C:\\\\Users\\\\alexm\\\\Desktop\\\\EVANGADI Jan 2024\\\\Phase 4\\\\Amazon\\\\Amazon-clone-2024\\\\amazon-clone\\\\functions\\\\node_modules\\\\firebase-admin\\\\lib\\\\index.js\"}"}}
[debug] [2024-07-25T07:38:27.867Z] [runtime-status] [13332] Resolved module firebase-functions {"declared":true,"installed":true,"version":"5.0.1","resolution":"C:\\Users\\alexm\\Desktop\\EVANGADI Jan 2024\\Phase 4\\Amazon\\Amazon-clone-2024\\amazon-clone\\functions\\node_modules\\firebase-functions\\lib\\v1\\index.js"} {"metadata":{"emulator":{"name":"functions"},"function":{"name":"us-central1-api"},"extension":{},"message":"[runtime-status] [13332] Resolved module firebase-functions {\"declared\":true,\"installed\":true,\"version\":\"5.0.1\",\"resolution\":\"C:\\\\Users\\\\alexm\\\\Desktop\\\\EVANGADI Jan 2024\\\\Phase 4\\\\Amazon\\\\Amazon-clone-2024\\\\amazon-clone\\\\functions\\\\node_modules\\\\firebase-functions\\\\lib\\\\v1\\\\index.js\"}"}}
[debug] [2024-07-25T07:38:27.867Z] [runtime-status] [13332] firebase-admin has been stubbed. {"adminResolution":{"declared":true,"installed":true,"version":"12.2.0","resolution":"C:\\Users\\alexm\\Desktop\\EVANGADI Jan 2024\\Phase 4\\Amazon\\Amazon-clone-2024\\amazon-clone\\functions\\node_modules\\firebase-admin\\lib\\index.js"}} {"metadata":{"emulator":{"name":"functions"},"function":{"name":"us-central1-api"},"extension":{},"message":"[runtime-status] [13332] firebase-admin has been stubbed. {\"adminResolution\":{\"declared\":true,\"installed\":true,\"version\":\"12.2.0\",\"resolution\":\"C:\\\\Users\\\\alexm\\\\Desktop\\\\EVANGADI Jan 2024\\\\Phase 4\\\\Amazon\\\\Amazon-clone-2024\\\\amazon-clone\\\\functions\\\\node_modules\\\\firebase-admin\\\\lib\\\\index.js\"}}"}}
[debug] [2024-07-25T07:38:28.335Z] [runtime-status] [13332] Functions runtime initialized. {"cwd":"C:\\Users\\alexm\\Desktop\\EVANGADI Jan 2024\\Phase 4\\Amazon\\Amazon-clone-2024\\amazon-clone\\functions","node_version":"20.13.1"} {"metadata":{"emulator":{"name":"functions"},"function":{"name":"us-central1-api"},"extension":{},"message":"[runtime-status] [13332] Functions runtime initialized. {\"cwd\":\"C:\\\\Users\\\\alexm\\\\Desktop\\\\EVANGADI Jan 2024\\\\Phase 4\\\\Amazon\\\\Amazon-clone-2024\\\\amazon-clone\\\\functions\",\"node_version\":\"20.13.1\"}"}}
[debug] [2024-07-25T07:38:28.336Z] [runtime-status] [13332] Listening to port: \\?\pipe\fire_emu_745ccb0cb187bac8 {"metadata":{"emulator":{"name":"functions"},"function":{"name":"us-central1-api"},"extension":{},"message":"[runtime-status] [13332] Listening to port: \\\\?\\pipe\\fire_emu_745ccb0cb187bac8"}}
[debug] [2024-07-25T07:38:28.384Z] [worker-us-central1-api-21ec4d80-13c5-44a3-98a7-de884ebdad49]: IDLE {"metadata":{"emulator":{"name":"functions"},"function":{"name":"us-central1-api"},"extension":{},"message":"[worker-us-central1-api-21ec4d80-13c5-44a3-98a7-de884ebdad49]: IDLE"}}
[debug] [2024-07-25T07:38:28.385Z] [worker-pool] submitRequest(triggerId=us-central1-api) {"metadata":{"emulator":{"name":"functions"},"message":"[worker-pool] submitRequest(triggerId=us-central1-api)"}}
[info] i  functions: Beginning execution of "us-central1-api" {"metadata":{"emulator":{"name":"functions"},"function":{"name":"us-central1-api"},"extension":{},"message":"Beginning execution of \"us-central1-api\""}}
[debug] [2024-07-25T07:38:28.386Z] [worker-us-central1-api-21ec4d80-13c5-44a3-98a7-de884ebdad49]: BUSY {"metadata":{"emulator":{"name":"functions"},"function":{"name":"us-central1-api"},"extension":{},"message":"[worker-us-central1-api-21ec4d80-13c5-44a3-98a7-de884ebdad49]: BUSY"}}
[debug] [2024-07-25T07:38:28.843Z] Finishing up request with event=pause {"metadata":{"emulator":{"name":"functions"},"function":{"name":"us-central1-api"},"extension":{},"message":"Finishing up request with event=pause"}}
[info] i  functions: Finished "us-central1-api" in 457.7359ms {"metadata":{"emulator":{"name":"functions"},"function":{"name":"us-central1-api"},"extension":{},"message":"Finished \"us-central1-api\" in 457.7359ms"}}
[debug] [2024-07-25T07:38:28.852Z] [worker-us-central1-api-21ec4d80-13c5-44a3-98a7-de884ebdad49]: IDLE {"metadata":{"emulator":{"name":"functions"},"function":{"name":"us-central1-api"},"extension":{},"message":"[worker-us-central1-api-21ec4d80-13c5-44a3-98a7-de884ebdad49]: IDLE"}}
[debug] [2024-07-25T07:38:28.853Z] Finishing up request with event=finish {"metadata":{"emulator":{"name":"functions"},"function":{"name":"us-central1-api"},"extension":{},"message":"Finishing up request with event=finish"}}
[debug] [2024-07-25T07:38:28.854Z] Finishing up request with event=close {"metadata":{"emulator":{"name":"functions"},"function":{"name":"us-central1-api"},"extension":{},"message":"Finishing up request with event=close"}}
[debug] [2024-07-25T07:38:28.854Z] [work-queue] {"queuedWork":[],"queueLength":0,"runningWork":[],"workRunningCount":0}
[debug] [2024-07-25T07:44:05.395Z] [work-queue] {"queuedWork":["/clone-84cbd/us-central1/api/payment/create-2024-07-25T07:44:05.394Z"],"queueLength":1,"runningWork":[],"workRunningCount":0}
[debug] [2024-07-25T07:44:05.395Z] [work-queue] {"queuedWork":[],"queueLength":0,"runningWork":["/clone-84cbd/us-central1/api/payment/create-2024-07-25T07:44:05.394Z"],"workRunningCount":1}
[debug] [2024-07-25T07:44:05.395Z] Accepted request POST /clone-84cbd/us-central1/api/payment/create?total=6400 --> us-central1-api
[debug] [2024-07-25T07:44:05.398Z] [functions] Runtime ready! Sending request! {"metadata":{"emulator":{"name":"functions"},"message":"[functions] Runtime ready! Sending request!"}}
[debug] [2024-07-25T07:44:05.398Z] [functions] Got req.url=/clone-84cbd/us-central1/api/payment/create?total=6400, mapping to path=/payment/create?total=6400 {"metadata":{"emulator":{"name":"functions"},"message":"[functions] Got req.url=/clone-84cbd/us-central1/api/payment/create?total=6400, mapping to path=/payment/create?total=6400"}}
[debug] [2024-07-25T07:44:05.398Z] [worker-pool] submitRequest(triggerId=us-central1-api) {"metadata":{"emulator":{"name":"functions"},"message":"[worker-pool] submitRequest(triggerId=us-central1-api)"}}
[info] i  functions: Beginning execution of "us-central1-api" {"metadata":{"emulator":{"name":"functions"},"function":{"name":"us-central1-api"},"extension":{},"message":"Beginning execution of \"us-central1-api\""}}
[debug] [2024-07-25T07:44:05.399Z] [worker-us-central1-api-21ec4d80-13c5-44a3-98a7-de884ebdad49]: BUSY {"metadata":{"emulator":{"name":"functions"},"function":{"name":"us-central1-api"},"extension":{},"message":"[worker-us-central1-api-21ec4d80-13c5-44a3-98a7-de884ebdad49]: BUSY"}}
[debug] [2024-07-25T07:44:05.808Z] Finishing up request with event=pause {"metadata":{"emulator":{"name":"functions"},"function":{"name":"us-central1-api"},"extension":{},"message":"Finishing up request with event=pause"}}
[info] i  functions: Finished "us-central1-api" in 408.9982ms {"metadata":{"emulator":{"name":"functions"},"function":{"name":"us-central1-api"},"extension":{},"message":"Finished \"us-central1-api\" in 408.9982ms"}}
[debug] [2024-07-25T07:44:05.809Z] [worker-us-central1-api-21ec4d80-13c5-44a3-98a7-de884ebdad49]: IDLE {"metadata":{"emulator":{"name":"functions"},"function":{"name":"us-central1-api"},"extension":{},"message":"[worker-us-central1-api-21ec4d80-13c5-44a3-98a7-de884ebdad49]: IDLE"}}
[debug] [2024-07-25T07:44:05.809Z] Finishing up request with event=finish {"metadata":{"emulator":{"name":"functions"},"function":{"name":"us-central1-api"},"extension":{},"message":"Finishing up request with event=finish"}}
[debug] [2024-07-25T07:44:05.810Z] Finishing up request with event=close {"metadata":{"emulator":{"name":"functions"},"function":{"name":"us-central1-api"},"extension":{},"message":"Finishing up request with event=close"}}
[debug] [2024-07-25T07:44:05.810Z] [work-queue] {"queuedWork":[],"queueLength":0,"runningWork":[],"workRunningCount":0}
[debug] [2024-07-25T07:52:17.411Z] [work-queue] {"queuedWork":["/clone-84cbd/us-central1/api/payment/create-2024-07-25T07:52:17.411Z"],"queueLength":1,"runningWork":[],"workRunningCount":0}
[debug] [2024-07-25T07:52:17.411Z] [work-queue] {"queuedWork":[],"queueLength":0,"runningWork":["/clone-84cbd/us-central1/api/payment/create-2024-07-25T07:52:17.411Z"],"workRunningCount":1}
[debug] [2024-07-25T07:52:17.411Z] Accepted request POST /clone-84cbd/us-central1/api/payment/create?total=130099 --> us-central1-api
[debug] [2024-07-25T07:52:17.414Z] [functions] Runtime ready! Sending request! {"metadata":{"emulator":{"name":"functions"},"message":"[functions] Runtime ready! Sending request!"}}
[debug] [2024-07-25T07:52:17.415Z] [functions] Got req.url=/clone-84cbd/us-central1/api/payment/create?total=130099, mapping to path=/payment/create?total=130099 {"metadata":{"emulator":{"name":"functions"},"message":"[functions] Got req.url=/clone-84cbd/us-central1/api/payment/create?total=130099, mapping to path=/payment/create?total=130099"}}
[debug] [2024-07-25T07:52:17.415Z] [worker-pool] submitRequest(triggerId=us-central1-api) {"metadata":{"emulator":{"name":"functions"},"message":"[worker-pool] submitRequest(triggerId=us-central1-api)"}}
[info] i  functions: Beginning execution of "us-central1-api" {"metadata":{"emulator":{"name":"functions"},"function":{"name":"us-central1-api"},"extension":{},"message":"Beginning execution of \"us-central1-api\""}}
[debug] [2024-07-25T07:52:17.416Z] [worker-us-central1-api-21ec4d80-13c5-44a3-98a7-de884ebdad49]: BUSY {"metadata":{"emulator":{"name":"functions"},"function":{"name":"us-central1-api"},"extension":{},"message":"[worker-us-central1-api-21ec4d80-13c5-44a3-98a7-de884ebdad49]: BUSY"}}
[debug] [2024-07-25T07:52:17.694Z] Finishing up request with event=pause {"metadata":{"emulator":{"name":"functions"},"function":{"name":"us-central1-api"},"extension":{},"message":"Finishing up request with event=pause"}}
[info] i  functions: Finished "us-central1-api" in 279.0609ms {"metadata":{"emulator":{"name":"functions"},"function":{"name":"us-central1-api"},"extension":{},"message":"Finished \"us-central1-api\" in 279.0609ms"}}
[debug] [2024-07-25T07:52:17.698Z] [worker-us-central1-api-21ec4d80-13c5-44a3-98a7-de884ebdad49]: IDLE {"metadata":{"emulator":{"name":"functions"},"function":{"name":"us-central1-api"},"extension":{},"message":"[worker-us-central1-api-21ec4d80-13c5-44a3-98a7-de884ebdad49]: IDLE"}}
[debug] [2024-07-25T07:52:17.699Z] Finishing up request with event=finish {"metadata":{"emulator":{"name":"functions"},"function":{"name":"us-central1-api"},"extension":{},"message":"Finishing up request with event=finish"}}
[debug] [2024-07-25T07:52:17.700Z] Finishing up request with event=close {"metadata":{"emulator":{"name":"functions"},"function":{"name":"us-central1-api"},"extension":{},"message":"Finishing up request with event=close"}}
[debug] [2024-07-25T07:52:17.700Z] [work-queue] {"queuedWork":[],"queueLength":0,"runningWork":[],"workRunningCount":0}
[debug] [2024-07-25T08:17:50.123Z] [worker-us-central1-api-21ec4d80-13c5-44a3-98a7-de884ebdad49]: exited {"metadata":{"emulator":{"name":"functions"},"function":{"name":"us-central1-api"},"extension":{},"message":"[worker-us-central1-api-21ec4d80-13c5-44a3-98a7-de884ebdad49]: exited"}}
[debug] [2024-07-25T08:17:50.123Z] [worker-us-central1-api-21ec4d80-13c5-44a3-98a7-de884ebdad49]: FINISHED {"metadata":{"emulator":{"name":"functions"},"function":{"name":"us-central1-api"},"extension":{},"message":"[worker-us-central1-api-21ec4d80-13c5-44a3-98a7-de884ebdad49]: FINISHED"}}
[debug] [2024-07-25T08:17:50.124Z] Received signal SIGHUP 1
[debug] [2024-07-25T08:37:49.174Z] ----------------------------------------------------------------------
[debug] [2024-07-25T08:37:49.177Z] Command:       C:\Program Files\nodejs\node.exe C:\Users\alexm\AppData\Roaming\npm\node_modules\firebase-tools\lib\bin\firebase.js emulators:start --only functions
[debug] [2024-07-25T08:37:49.177Z] CLI Version:   13.13.3
[debug] [2024-07-25T08:37:49.178Z] Platform:      win32
[debug] [2024-07-25T08:37:49.178Z] Node Version:  v20.13.1
[debug] [2024-07-25T08:37:49.178Z] Time:          Thu Jul 25 2024 04:37:49 GMT-0400 (Eastern Daylight Time)
[debug] [2024-07-25T08:37:49.178Z] ----------------------------------------------------------------------
[debug] 
[debug] [2024-07-25T08:37:49.309Z] > command requires scopes: ["email","openid","https://www.googleapis.com/auth/cloudplatformprojects.readonly","https://www.googleapis.com/auth/firebase","https://www.googleapis.com/auth/cloud-platform"]
[debug] [2024-07-25T08:37:49.310Z] > authorizing via signed-in user (alemayehumetadel@gmail.com)
[info] i  emulators: Starting emulators: functions {"metadata":{"emulator":{"name":"hub"},"message":"Starting emulators: functions"}}
[debug] [2024-07-25T08:37:49.320Z] [logging] Logging Emulator only supports listening on one address (127.0.0.1). Not listening on ::1
[warn] !  ui: Emulator UI unable to start on port 4000, starting on 4001 instead. {"metadata":{"emulator":{"name":"ui"},"message":"Emulator UI unable to start on port 4000, starting on 4001 instead."}}
[debug] [2024-07-25T08:37:49.323Z] assigned listening specs for emulators {"user":{"hub":[{"address":"127.0.0.1","family":"IPv4","port":4400},{"address":"::1","family":"IPv6","port":4400}],"logging":[{"address":"127.0.0.1","family":"IPv4","port":4500}],"ui":[{"address":"127.0.0.1","family":"IPv4","port":4001},{"address":"::1","family":"IPv6","port":4001}]},"metadata":{"message":"assigned listening specs for emulators"}}
[warn] !  emulators: It seems that you are running multiple instances of the emulator suite for project clone-84cbd. This may result in unexpected behavior. 
[debug] [2024-07-25T08:37:49.331Z] [hub] writing locator at C:\Users\alexm\AppData\Local\Temp\hub-clone-84cbd.json
[debug] [2024-07-25T08:37:49.355Z] [functions] Functions Emulator only supports listening on one address (127.0.0.1). Not listening on ::1
[debug] [2024-07-25T08:37:49.355Z] [eventarc] Eventarc Emulator only supports listening on one address (127.0.0.1). Not listening on ::1
[debug] [2024-07-25T08:37:49.355Z] late-assigned ports for functions and eventarc emulators {"user":{"hub":[{"address":"127.0.0.1","family":"IPv4","port":4400},{"address":"::1","family":"IPv6","port":4400}],"logging":[{"address":"127.0.0.1","family":"IPv4","port":4500}],"ui":[{"address":"127.0.0.1","family":"IPv4","port":4001},{"address":"::1","family":"IPv6","port":4001}],"functions":[{"address":"127.0.0.1","family":"IPv4","port":5001}],"eventarc":[{"address":"127.0.0.1","family":"IPv4","port":9299}]},"metadata":{"message":"late-assigned ports for functions and eventarc emulators"}}
[warn] !  functions: The following emulators are not running, calls to these services from the Functions emulator will affect production: auth, firestore, database, hosting, pubsub, storage, dataconnect {"metadata":{"emulator":{"name":"functions"},"message":"The following emulators are not running, calls to these services from the Functions emulator will affect production: \u001b[1mauth, firestore, database, hosting, pubsub, storage, dataconnect\u001b[22m"}}
[debug] [2024-07-25T08:37:49.360Z] defaultcredentials: writing to file C:\Users\alexm\AppData\Roaming\firebase\alemayehumetadel_gmail_com_application_default_credentials.json
[debug] [2024-07-25T08:37:49.367Z] Setting GAC to C:\Users\alexm\AppData\Roaming\firebase\alemayehumetadel_gmail_com_application_default_credentials.json {"metadata":{"emulator":{"name":"functions"},"message":"Setting GAC to C:\\Users\\alexm\\AppData\\Roaming\\firebase\\alemayehumetadel_gmail_com_application_default_credentials.json"}}
[debug] [2024-07-25T08:37:49.369Z] > refreshing access token with scopes: []
[debug] [2024-07-25T08:37:49.371Z] >>> [apiv2][query] POST https://www.googleapis.com/oauth2/v3/token [none]
[debug] [2024-07-25T08:37:49.371Z] >>> [apiv2][body] POST https://www.googleapis.com/oauth2/v3/token [omitted]
[debug] [2024-07-25T08:37:49.514Z] <<< [apiv2][status] POST https://www.googleapis.com/oauth2/v3/token 200
[debug] [2024-07-25T08:37:49.514Z] <<< [apiv2][body] POST https://www.googleapis.com/oauth2/v3/token [omitted]
[debug] [2024-07-25T08:37:49.574Z] >>> [apiv2][query] GET https://firebase.googleapis.com/v1beta1/projects/clone-84cbd/adminSdkConfig [none]
[debug] [2024-07-25T08:37:49.982Z] <<< [apiv2][status] GET https://firebase.googleapis.com/v1beta1/projects/clone-84cbd/adminSdkConfig 200
[debug] [2024-07-25T08:37:49.982Z] <<< [apiv2][body] GET https://firebase.googleapis.com/v1beta1/projects/clone-84cbd/adminSdkConfig {"projectId":"clone-84cbd","storageBucket":"clone-84cbd.appspot.com"}
[debug] [2024-07-25T08:37:50.042Z] Ignoring unsupported arg: auto_download {"metadata":{"emulator":{"name":"ui"},"message":"Ignoring unsupported arg: auto_download"}}
[debug] [2024-07-25T08:37:50.043Z] Ignoring unsupported arg: port {"metadata":{"emulator":{"name":"ui"},"message":"Ignoring unsupported arg: port"}}
[debug] [2024-07-25T08:37:50.043Z] Starting Emulator UI with command {"binary":"node","args":["C:\\Users\\alexm\\.cache\\firebase\\emulators\\ui-v1.12.1\\server\\server.mjs"],"optionalArgs":[],"joinArgs":false,"shell":false} {"metadata":{"emulator":{"name":"ui"},"message":"Starting Emulator UI with command {\"binary\":\"node\",\"args\":[\"C:\\\\Users\\\\alexm\\\\.cache\\\\firebase\\\\emulators\\\\ui-v1.12.1\\\\server\\\\server.mjs\"],\"optionalArgs\":[],\"joinArgs\":false,\"shell\":false}"}}
[info] i  ui: Emulator UI logging to ui-debug.log {"metadata":{"emulator":{"name":"ui"},"message":"Emulator UI logging to \u001b[1mui-debug.log\u001b[22m"}}
[debug] [2024-07-25T08:37:50.222Z] Web / API server started at 127.0.0.1:4001
 {"metadata":{"emulator":{"name":"ui"},"message":"Web / API server started at 127.0.0.1:4001\n"}}
[debug] [2024-07-25T08:37:50.222Z] Web / API server started at ::1:4001
 {"metadata":{"emulator":{"name":"ui"},"message":"Web / API server started at ::1:4001\n"}}
[info] i  functions: Watching "C:\Users\alexm\Desktop\EVANGADI Jan 2024\Phase 4\Amazon\Amazon-clone-2024\amazon-clone\functions" for Cloud Functions... {"metadata":{"emulator":{"name":"functions"},"message":"Watching \"C:\\Users\\alexm\\Desktop\\EVANGADI Jan 2024\\Phase 4\\Amazon\\Amazon-clone-2024\\amazon-clone\\functions\" for Cloud Functions..."}}
[debug] [2024-07-25T08:37:50.284Z] Validating nodejs source
[debug] [2024-07-25T08:37:51.688Z] > [functions] package.json contents: {
  "name": "functions",
  "description": "Cloud Functions for Firebase",
  "scripts": {
    "serve": "firebase emulators:start --only functions",
    "shell": "firebase functions:shell",
    "start": "npm run shell",
    "deploy": "firebase deploy --only functions",
    "logs": "firebase functions:log"
  },
  "engines": {
    "node": "18"
  },
  "main": "index.js",
  "dependencies": {
    "cors": "^2.8.5",
    "dotenv": "^16.4.5",
    "express": "^4.19.2",
    "firebase-admin": "^12.1.0",
    "firebase-functions": "^5.0.0",
    "stripe": "^16.2.0"
  },
  "devDependencies": {
    "firebase-functions-test": "^3.1.0"
  },
  "private": true
}
[debug] [2024-07-25T08:37:51.688Z] Building nodejs source
[debug] [2024-07-25T08:37:51.689Z] Failed to find version of module node: reached end of search path C:\Users\alexm\Desktop\EVANGADI Jan 2024\Phase 4\Amazon\Amazon-clone-2024\amazon-clone\functions\node_modules
[warn] !  functions: Your requested "node" version "18" doesn't match your global version "20". Using node@20 from host. 
[info] i  functions: Loaded environment variables from .env. 
[debug] [2024-07-25T08:37:51.694Z] Could not find functions.yaml. Must use http discovery
[debug] [2024-07-25T08:37:51.700Z] Found firebase-functions binary at 'C:\Users\alexm\Desktop\EVANGADI Jan 2024\Phase 4\Amazon\Amazon-clone-2024\amazon-clone\functions\node_modules\.bin\firebase-functions'
[info] Serving at port 8762

[debug] [2024-07-25T08:37:52.674Z] Got response from /__/functions.yaml {"endpoints":{"api":{"availableMemoryMb":null,"timeoutSeconds":null,"minInstances":null,"maxInstances":null,"ingressSettings":null,"concurrency":null,"serviceAccountEmail":null,"vpc":null,"platform":"gcfv2","labels":{},"httpsTrigger":{},"entryPoint":"api"}},"specVersion":"v1alpha1","requiredAPIs":[]}
[info] +  functions: Loaded functions definitions from source: api. {"metadata":{"emulator":{"name":"functions"},"message":"Loaded functions definitions from source: api."}}
[info] +  functions[us-central1-api]: http function initialized (http://127.0.0.1:5001/clone-84cbd/us-central1/api). {"metadata":{"emulator":{"name":"functions"},"message":"\u001b[1mhttp\u001b[22m function initialized (http://127.0.0.1:5001/clone-84cbd/us-central1/api)."}}
[info] 
┌─────────────────────────────────────────────────────────────┐
│ ✔  All emulators ready! It is now safe to connect your app. │
│ i  View Emulator UI at http://127.0.0.1:4001/               │
└─────────────────────────────────────────────────────────────┘

┌───────────┬────────────────┬─────────────────────────────────┐
│ Emulator  │ Host:Port      │ View in Emulator UI             │
├───────────┼────────────────┼─────────────────────────────────┤
│ Functions │ 127.0.0.1:5001 │ http://127.0.0.1:4001/functions │
└───────────┴────────────────┴─────────────────────────────────┘
  Emulator Hub running at 127.0.0.1:4400
  Other reserved ports: 4500

Issues? Report them at https://github.com/firebase/firebase-tools/issues and attach the *-debug.log files.
 
[debug] [2024-07-25T08:40:35.532Z] [work-queue] {"queuedWork":["/clone-84cbd/us-central1/api/payment/create-2024-07-25T08:40:35.532Z"],"queueLength":1,"runningWork":[],"workRunningCount":0}
[debug] [2024-07-25T08:40:35.533Z] [work-queue] {"queuedWork":[],"queueLength":0,"runningWork":["/clone-84cbd/us-central1/api/payment/create-2024-07-25T08:40:35.532Z"],"workRunningCount":1}
[debug] [2024-07-25T08:40:35.533Z] Accepted request POST /clone-84cbd/us-central1/api/payment/create?total=19398 --> us-central1-api
[debug] [2024-07-25T08:40:35.536Z] [functions] Runtime ready! Sending request! {"metadata":{"emulator":{"name":"functions"},"message":"[functions] Runtime ready! Sending request!"}}
[debug] [2024-07-25T08:40:35.537Z] [functions] Got req.url=/clone-84cbd/us-central1/api/payment/create?total=19398, mapping to path=/payment/create?total=19398 {"metadata":{"emulator":{"name":"functions"},"message":"[functions] Got req.url=/clone-84cbd/us-central1/api/payment/create?total=19398, mapping to path=/payment/create?total=19398"}}
[info] i  functions: Loaded environment variables from .env. 
[debug] [2024-07-25T08:40:35.558Z] [worker-pool] addWorker(us-central1-api) {"metadata":{"emulator":{"name":"functions"},"message":"[worker-pool] addWorker(us-central1-api)"}}
[debug] [2024-07-25T08:40:35.559Z] [worker-pool] Adding worker with key us-central1-api, total=1 {"metadata":{"emulator":{"name":"functions"},"message":"[worker-pool] Adding worker with key us-central1-api, total=1"}}
[debug] [2024-07-25T08:40:37.692Z] [runtime-status] [11112] Resolved module firebase-admin {"declared":true,"installed":true,"version":"12.2.0","resolution":"C:\\Users\\alexm\\Desktop\\EVANGADI Jan 2024\\Phase 4\\Amazon\\Amazon-clone-2024\\amazon-clone\\functions\\node_modules\\firebase-admin\\lib\\index.js"} {"metadata":{"emulator":{"name":"functions"},"function":{"name":"us-central1-api"},"extension":{},"message":"[runtime-status] [11112] Resolved module firebase-admin {\"declared\":true,\"installed\":true,\"version\":\"12.2.0\",\"resolution\":\"C:\\\\Users\\\\alexm\\\\Desktop\\\\EVANGADI Jan 2024\\\\Phase 4\\\\Amazon\\\\Amazon-clone-2024\\\\amazon-clone\\\\functions\\\\node_modules\\\\firebase-admin\\\\lib\\\\index.js\"}"}}
[debug] [2024-07-25T08:40:37.694Z] [runtime-status] [11112] Resolved module firebase-functions {"declared":true,"installed":true,"version":"5.0.1","resolution":"C:\\Users\\alexm\\Desktop\\EVANGADI Jan 2024\\Phase 4\\Amazon\\Amazon-clone-2024\\amazon-clone\\functions\\node_modules\\firebase-functions\\lib\\v1\\index.js"} {"metadata":{"emulator":{"name":"functions"},"function":{"name":"us-central1-api"},"extension":{},"message":"[runtime-status] [11112] Resolved module firebase-functions {\"declared\":true,\"installed\":true,\"version\":\"5.0.1\",\"resolution\":\"C:\\\\Users\\\\alexm\\\\Desktop\\\\EVANGADI Jan 2024\\\\Phase 4\\\\Amazon\\\\Amazon-clone-2024\\\\amazon-clone\\\\functions\\\\node_modules\\\\firebase-functions\\\\lib\\\\v1\\\\index.js\"}"}}
[debug] [2024-07-25T08:40:37.695Z] [runtime-status] [11112] Outgoing network have been stubbed. [{"name":"http","status":"mocked"},{"name":"http","status":"mocked"},{"name":"https","status":"mocked"},{"name":"https","status":"mocked"},{"name":"net","status":"mocked"}] {"metadata":{"emulator":{"name":"functions"},"function":{"name":"us-central1-api"},"extension":{},"message":"[runtime-status] [11112] Outgoing network have been stubbed. [{\"name\":\"http\",\"status\":\"mocked\"},{\"name\":\"http\",\"status\":\"mocked\"},{\"name\":\"https\",\"status\":\"mocked\"},{\"name\":\"https\",\"status\":\"mocked\"},{\"name\":\"net\",\"status\":\"mocked\"}]"}}
[debug] [2024-07-25T08:40:37.696Z] [runtime-status] [11112] Resolved module firebase-functions {"declared":true,"installed":true,"version":"5.0.1","resolution":"C:\\Users\\alexm\\Desktop\\EVANGADI Jan 2024\\Phase 4\\Amazon\\Amazon-clone-2024\\amazon-clone\\functions\\node_modules\\firebase-functions\\lib\\v1\\index.js"} {"metadata":{"emulator":{"name":"functions"},"function":{"name":"us-central1-api"},"extension":{},"message":"[runtime-status] [11112] Resolved module firebase-functions {\"declared\":true,\"installed\":true,\"version\":\"5.0.1\",\"resolution\":\"C:\\\\Users\\\\alexm\\\\Desktop\\\\EVANGADI Jan 2024\\\\Phase 4\\\\Amazon\\\\Amazon-clone-2024\\\\amazon-clone\\\\functions\\\\node_modules\\\\firebase-functions\\\\lib\\\\v1\\\\index.js\"}"}}
[debug] [2024-07-25T08:40:38.197Z] [runtime-status] [11112] Checked functions.config() {"config":{}} {"metadata":{"emulator":{"name":"functions"},"function":{"name":"us-central1-api"},"extension":{},"message":"[runtime-status] [11112] Checked functions.config() {\"config\":{}}"}}
[debug] [2024-07-25T08:40:38.198Z] [runtime-status] [11112] firebase-functions has been stubbed. {"functionsResolution":{"declared":true,"installed":true,"version":"5.0.1","resolution":"C:\\Users\\alexm\\Desktop\\EVANGADI Jan 2024\\Phase 4\\Amazon\\Amazon-clone-2024\\amazon-clone\\functions\\node_modules\\firebase-functions\\lib\\v1\\index.js"}} {"metadata":{"emulator":{"name":"functions"},"function":{"name":"us-central1-api"},"extension":{},"message":"[runtime-status] [11112] firebase-functions has been stubbed. {\"functionsResolution\":{\"declared\":true,\"installed\":true,\"version\":\"5.0.1\",\"resolution\":\"C:\\\\Users\\\\alexm\\\\Desktop\\\\EVANGADI Jan 2024\\\\Phase 4\\\\Amazon\\\\Amazon-clone-2024\\\\amazon-clone\\\\functions\\\\node_modules\\\\firebase-functions\\\\lib\\\\v1\\\\index.js\"}}"}}
[debug] [2024-07-25T08:40:38.199Z] [runtime-status] [11112] Resolved module firebase-functions {"declared":true,"installed":true,"version":"5.0.1","resolution":"C:\\Users\\alexm\\Desktop\\EVANGADI Jan 2024\\Phase 4\\Amazon\\Amazon-clone-2024\\amazon-clone\\functions\\node_modules\\firebase-functions\\lib\\v1\\index.js"} {"metadata":{"emulator":{"name":"functions"},"function":{"name":"us-central1-api"},"extension":{},"message":"[runtime-status] [11112] Resolved module firebase-functions {\"declared\":true,\"installed\":true,\"version\":\"5.0.1\",\"resolution\":\"C:\\\\Users\\\\alexm\\\\Desktop\\\\EVANGADI Jan 2024\\\\Phase 4\\\\Amazon\\\\Amazon-clone-2024\\\\amazon-clone\\\\functions\\\\node_modules\\\\firebase-functions\\\\lib\\\\v1\\\\index.js\"}"}}
[debug] [2024-07-25T08:40:38.201Z] [runtime-status] [11112] Resolved module firebase-admin {"declared":true,"installed":true,"version":"12.2.0","resolution":"C:\\Users\\alexm\\Desktop\\EVANGADI Jan 2024\\Phase 4\\Amazon\\Amazon-clone-2024\\amazon-clone\\functions\\node_modules\\firebase-admin\\lib\\index.js"} {"metadata":{"emulator":{"name":"functions"},"function":{"name":"us-central1-api"},"extension":{},"message":"[runtime-status] [11112] Resolved module firebase-admin {\"declared\":true,\"installed\":true,\"version\":\"12.2.0\",\"resolution\":\"C:\\\\Users\\\\alexm\\\\Desktop\\\\EVANGADI Jan 2024\\\\Phase 4\\\\Amazon\\\\Amazon-clone-2024\\\\amazon-clone\\\\functions\\\\node_modules\\\\firebase-admin\\\\lib\\\\index.js\"}"}}
[debug] [2024-07-25T08:40:38.205Z] [runtime-status] [11112] Resolved module firebase-functions {"declared":true,"installed":true,"version":"5.0.1","resolution":"C:\\Users\\alexm\\Desktop\\EVANGADI Jan 2024\\Phase 4\\Amazon\\Amazon-clone-2024\\amazon-clone\\functions\\node_modules\\firebase-functions\\lib\\v1\\index.js"} {"metadata":{"emulator":{"name":"functions"},"function":{"name":"us-central1-api"},"extension":{},"message":"[runtime-status] [11112] Resolved module firebase-functions {\"declared\":true,\"installed\":true,\"version\":\"5.0.1\",\"resolution\":\"C:\\\\Users\\\\alexm\\\\Desktop\\\\EVANGADI Jan 2024\\\\Phase 4\\\\Amazon\\\\Amazon-clone-2024\\\\amazon-clone\\\\functions\\\\node_modules\\\\firebase-functions\\\\lib\\\\v1\\\\index.js\"}"}}
[debug] [2024-07-25T08:40:38.205Z] [runtime-status] [11112] firebase-admin has been stubbed. {"adminResolution":{"declared":true,"installed":true,"version":"12.2.0","resolution":"C:\\Users\\alexm\\Desktop\\EVANGADI Jan 2024\\Phase 4\\Amazon\\Amazon-clone-2024\\amazon-clone\\functions\\node_modules\\firebase-admin\\lib\\index.js"}} {"metadata":{"emulator":{"name":"functions"},"function":{"name":"us-central1-api"},"extension":{},"message":"[runtime-status] [11112] firebase-admin has been stubbed. {\"adminResolution\":{\"declared\":true,\"installed\":true,\"version\":\"12.2.0\",\"resolution\":\"C:\\\\Users\\\\alexm\\\\Desktop\\\\EVANGADI Jan 2024\\\\Phase 4\\\\Amazon\\\\Amazon-clone-2024\\\\amazon-clone\\\\functions\\\\node_modules\\\\firebase-admin\\\\lib\\\\index.js\"}}"}}
[debug] [2024-07-25T08:40:38.622Z] [runtime-status] [11112] Functions runtime initialized. {"cwd":"C:\\Users\\alexm\\Desktop\\EVANGADI Jan 2024\\Phase 4\\Amazon\\Amazon-clone-2024\\amazon-clone\\functions","node_version":"20.13.1"} {"metadata":{"emulator":{"name":"functions"},"function":{"name":"us-central1-api"},"extension":{},"message":"[runtime-status] [11112] Functions runtime initialized. {\"cwd\":\"C:\\\\Users\\\\alexm\\\\Desktop\\\\EVANGADI Jan 2024\\\\Phase 4\\\\Amazon\\\\Amazon-clone-2024\\\\amazon-clone\\\\functions\",\"node_version\":\"20.13.1\"}"}}
[debug] [2024-07-25T08:40:38.623Z] [runtime-status] [11112] Listening to port: \\?\pipe\fire_emu_afcaaff3f4f8a6fe {"metadata":{"emulator":{"name":"functions"},"function":{"name":"us-central1-api"},"extension":{},"message":"[runtime-status] [11112] Listening to port: \\\\?\\pipe\\fire_emu_afcaaff3f4f8a6fe"}}
[debug] [2024-07-25T08:40:38.727Z] [worker-us-central1-api-0193b240-6706-484f-a501-96c2cef20cf9]: IDLE {"metadata":{"emulator":{"name":"functions"},"function":{"name":"us-central1-api"},"extension":{},"message":"[worker-us-central1-api-0193b240-6706-484f-a501-96c2cef20cf9]: IDLE"}}
[debug] [2024-07-25T08:40:38.728Z] [worker-pool] submitRequest(triggerId=us-central1-api) {"metadata":{"emulator":{"name":"functions"},"message":"[worker-pool] submitRequest(triggerId=us-central1-api)"}}
[info] i  functions: Beginning execution of "us-central1-api" {"metadata":{"emulator":{"name":"functions"},"function":{"name":"us-central1-api"},"extension":{},"message":"Beginning execution of \"us-central1-api\""}}
[debug] [2024-07-25T08:40:38.730Z] [worker-us-central1-api-0193b240-6706-484f-a501-96c2cef20cf9]: BUSY {"metadata":{"emulator":{"name":"functions"},"function":{"name":"us-central1-api"},"extension":{},"message":"[worker-us-central1-api-0193b240-6706-484f-a501-96c2cef20cf9]: BUSY"}}
[debug] [2024-07-25T08:40:39.185Z] Finishing up request with event=pause {"metadata":{"emulator":{"name":"functions"},"function":{"name":"us-central1-api"},"extension":{},"message":"Finishing up request with event=pause"}}
[info] i  functions: Finished "us-central1-api" in 455.772ms {"metadata":{"emulator":{"name":"functions"},"function":{"name":"us-central1-api"},"extension":{},"message":"Finished \"us-central1-api\" in 455.772ms"}}
[debug] [2024-07-25T08:40:39.187Z] [worker-us-central1-api-0193b240-6706-484f-a501-96c2cef20cf9]: IDLE {"metadata":{"emulator":{"name":"functions"},"function":{"name":"us-central1-api"},"extension":{},"message":"[worker-us-central1-api-0193b240-6706-484f-a501-96c2cef20cf9]: IDLE"}}
[debug] [2024-07-25T08:40:39.187Z] Finishing up request with event=finish {"metadata":{"emulator":{"name":"functions"},"function":{"name":"us-central1-api"},"extension":{},"message":"Finishing up request with event=finish"}}
[debug] [2024-07-25T08:40:39.188Z] Finishing up request with event=close {"metadata":{"emulator":{"name":"functions"},"function":{"name":"us-central1-api"},"extension":{},"message":"Finishing up request with event=close"}}
[debug] [2024-07-25T08:40:39.189Z] [work-queue] {"queuedWork":[],"queueLength":0,"runningWork":[],"workRunningCount":0}
